<?xml version="1.0" encoding="UTF-8"?>
<!-- Generated by org.testng.reporters.JUnitReportReporter -->
<testsuite skipped="0" hostname="ip-172-31-88-196" name="test.LoginTest" tests="3" failures="0" timestamp="12 Nov 2021 05:00:48 GMT" time="12.432" errors="0">
  <testcase name="NegativeLogin" time="3.581" classname="test.LoginTest"/>
  <testcase name="PositiveLogin" time="4.670" classname="test.LoginTest"/>
  <testcase name="ExcelTest" time="4.181" classname="test.LoginTest"/>
</testsuite> <!-- test.LoginTest -->
