<?xml version="1.0" encoding="UTF-8"?>
<!-- Generated by org.testng.reporters.JUnitReportReporter -->
<testsuite skipped="0" hostname="ip-172-31-88-196" name="test.LoginTest" tests="3" failures="0" timestamp="09 Nov 2021 07:04:58 GMT" time="12.663" errors="0">
  <testcase name="ExcelTest" time="4.196" classname="test.LoginTest"/>
  <testcase name="PositiveLogin" time="3.729" classname="test.LoginTest"/>
  <testcase name="NegativeLogin" time="4.738" classname="test.LoginTest"/>
</testsuite> <!-- test.LoginTest -->
